{"C:\\Users\\v.cristiane.ribeiro\\Documents\\Studies\\loaine's-book\\reading-javascript-datastructures-algorithms\\data-structures\\linked-lists\\classes\\linked-list-with-class.js": {"path":"C:\\Users\\v.cristiane.ribeiro\\Documents\\Studies\\loaine's-book\\reading-javascript-datastructures-algorithms\\data-structures\\linked-lists\\classes\\linked-list-with-class.js","statementMap":{"0":{"start":{"line":7,"column":8},"end":{"line":7,"column":23}},"1":{"start":{"line":8,"column":8},"end":{"line":8,"column":25}},"2":{"start":{"line":9,"column":8},"end":{"line":9,"column":33}},"3":{"start":{"line":13,"column":8},"end":{"line":13,"column":48}},"4":{"start":{"line":17,"column":21},"end":{"line":17,"column":38}},"5":{"start":{"line":19,"column":8},"end":{"line":27,"column":9}},"6":{"start":{"line":20,"column":12},"end":{"line":20,"column":29}},"7":{"start":{"line":22,"column":12},"end":{"line":22,"column":32}},"8":{"start":{"line":23,"column":12},"end":{"line":25,"column":13}},"9":{"start":{"line":24,"column":16},"end":{"line":24,"column":39}},"10":{"start":{"line":26,"column":12},"end":{"line":26,"column":32}},"11":{"start":{"line":28,"column":8},"end":{"line":28,"column":21}},"12":{"start":{"line":32,"column":8},"end":{"line":45,"column":9}},"13":{"start":{"line":33,"column":25},"end":{"line":33,"column":42}},"14":{"start":{"line":34,"column":12},"end":{"line":43,"column":13}},"15":{"start":{"line":35,"column":32},"end":{"line":35,"column":41}},"16":{"start":{"line":36,"column":16},"end":{"line":36,"column":36}},"17":{"start":{"line":37,"column":16},"end":{"line":37,"column":33}},"18":{"start":{"line":39,"column":33},"end":{"line":39,"column":61}},"19":{"start":{"line":40,"column":32},"end":{"line":40,"column":45}},"20":{"start":{"line":41,"column":16},"end":{"line":41,"column":36}},"21":{"start":{"line":42,"column":16},"end":{"line":42,"column":37}},"22":{"start":{"line":44,"column":12},"end":{"line":44,"column":23}},"23":{"start":{"line":46,"column":8},"end":{"line":46,"column":21}},"24":{"start":{"line":50,"column":8},"end":{"line":61,"column":9}},"25":{"start":{"line":51,"column":26},"end":{"line":51,"column":35}},"26":{"start":{"line":52,"column":12},"end":{"line":58,"column":13}},"27":{"start":{"line":53,"column":16},"end":{"line":53,"column":41}},"28":{"start":{"line":55,"column":33},"end":{"line":55,"column":61}},"29":{"start":{"line":56,"column":16},"end":{"line":56,"column":40}},"30":{"start":{"line":57,"column":16},"end":{"line":57,"column":45}},"31":{"start":{"line":59,"column":12},"end":{"line":59,"column":25}},"32":{"start":{"line":60,"column":12},"end":{"line":60,"column":35}},"33":{"start":{"line":62,"column":8},"end":{"line":62,"column":25}},"34":{"start":{"line":66,"column":22},"end":{"line":66,"column":43}},"35":{"start":{"line":67,"column":8},"end":{"line":67,"column":36}},"36":{"start":{"line":71,"column":22},"end":{"line":71,"column":31}},"37":{"start":{"line":72,"column":8},"end":{"line":75,"column":9}},"38":{"start":{"line":72,"column":21},"end":{"line":72,"column":22}},"39":{"start":{"line":73,"column":12},"end":{"line":73,"column":65}},"40":{"start":{"line":73,"column":56},"end":{"line":73,"column":65}},"41":{"start":{"line":74,"column":12},"end":{"line":74,"column":35}},"42":{"start":{"line":76,"column":8},"end":{"line":76,"column":18}},"43":{"start":{"line":80,"column":8},"end":{"line":86,"column":9}},"44":{"start":{"line":81,"column":23},"end":{"line":81,"column":32}},"45":{"start":{"line":82,"column":12},"end":{"line":84,"column":13}},"46":{"start":{"line":82,"column":25},"end":{"line":82,"column":26}},"47":{"start":{"line":83,"column":16},"end":{"line":83,"column":33}},"48":{"start":{"line":85,"column":12},"end":{"line":85,"column":24}},"49":{"start":{"line":87,"column":8},"end":{"line":87,"column":25}},"50":{"start":{"line":91,"column":8},"end":{"line":91,"column":25}},"51":{"start":{"line":95,"column":8},"end":{"line":95,"column":37}},"52":{"start":{"line":95,"column":27},"end":{"line":95,"column":37}},"53":{"start":{"line":96,"column":24},"end":{"line":96,"column":46}},"54":{"start":{"line":97,"column":22},"end":{"line":97,"column":36}},"55":{"start":{"line":98,"column":8},"end":{"line":101,"column":9}},"56":{"start":{"line":98,"column":21},"end":{"line":98,"column":22}},"57":{"start":{"line":99,"column":12},"end":{"line":99,"column":59}},"58":{"start":{"line":100,"column":12},"end":{"line":100,"column":35}},"59":{"start":{"line":102,"column":8},"end":{"line":102,"column":25}},"60":{"start":{"line":106,"column":8},"end":{"line":106,"column":26}},"61":{"start":{"line":110,"column":8},"end":{"line":110,"column":33}},"62":{"start":{"line":114,"column":8},"end":{"line":114,"column":23}},"63":{"start":{"line":115,"column":8},"end":{"line":115,"column":25}}},"fnMap":{"0":{"name":"(anonymous_0)","decl":{"start":{"line":6,"column":4},"end":{"line":6,"column":5}},"loc":{"start":{"line":6,"column":42},"end":{"line":10,"column":5}},"line":6},"1":{"name":"(anonymous_1)","decl":{"start":{"line":12,"column":4},"end":{"line":12,"column":5}},"loc":{"start":{"line":12,"column":24},"end":{"line":14,"column":5}},"line":12},"2":{"name":"(anonymous_2)","decl":{"start":{"line":16,"column":4},"end":{"line":16,"column":5}},"loc":{"start":{"line":16,"column":17},"end":{"line":29,"column":5}},"line":16},"3":{"name":"(anonymous_3)","decl":{"start":{"line":31,"column":4},"end":{"line":31,"column":5}},"loc":{"start":{"line":31,"column":35},"end":{"line":47,"column":5}},"line":31},"4":{"name":"(anonymous_4)","decl":{"start":{"line":49,"column":4},"end":{"line":49,"column":5}},"loc":{"start":{"line":49,"column":19},"end":{"line":63,"column":5}},"line":49},"5":{"name":"(anonymous_5)","decl":{"start":{"line":65,"column":4},"end":{"line":65,"column":5}},"loc":{"start":{"line":65,"column":19},"end":{"line":68,"column":5}},"line":65},"6":{"name":"(anonymous_6)","decl":{"start":{"line":70,"column":4},"end":{"line":70,"column":5}},"loc":{"start":{"line":70,"column":20},"end":{"line":77,"column":5}},"line":70},"7":{"name":"(anonymous_7)","decl":{"start":{"line":79,"column":4},"end":{"line":79,"column":5}},"loc":{"start":{"line":79,"column":23},"end":{"line":88,"column":5}},"line":79},"8":{"name":"(anonymous_8)","decl":{"start":{"line":90,"column":4},"end":{"line":90,"column":5}},"loc":{"start":{"line":90,"column":14},"end":{"line":92,"column":5}},"line":90},"9":{"name":"(anonymous_9)","decl":{"start":{"line":94,"column":4},"end":{"line":94,"column":5}},"loc":{"start":{"line":94,"column":15},"end":{"line":103,"column":5}},"line":94},"10":{"name":"(anonymous_10)","decl":{"start":{"line":105,"column":4},"end":{"line":105,"column":5}},"loc":{"start":{"line":105,"column":11},"end":{"line":107,"column":5}},"line":105},"11":{"name":"(anonymous_11)","decl":{"start":{"line":109,"column":4},"end":{"line":109,"column":5}},"loc":{"start":{"line":109,"column":14},"end":{"line":111,"column":5}},"line":109},"12":{"name":"(anonymous_12)","decl":{"start":{"line":113,"column":4},"end":{"line":113,"column":5}},"loc":{"start":{"line":113,"column":11},"end":{"line":116,"column":5}},"line":113}},"branchMap":{"0":{"loc":{"start":{"line":6,"column":16},"end":{"line":6,"column":40}},"type":"default-arg","locations":[{"start":{"line":6,"column":27},"end":{"line":6,"column":40}}],"line":6},"1":{"loc":{"start":{"line":13,"column":15},"end":{"line":13,"column":47}},"type":"binary-expr","locations":[{"start":{"line":13,"column":15},"end":{"line":13,"column":25}},{"start":{"line":13,"column":29},"end":{"line":13,"column":47}}],"line":13},"2":{"loc":{"start":{"line":19,"column":8},"end":{"line":27,"column":9}},"type":"if","locations":[{"start":{"line":19,"column":8},"end":{"line":27,"column":9}},{"start":{"line":21,"column":15},"end":{"line":27,"column":9}}],"line":19},"3":{"loc":{"start":{"line":32,"column":8},"end":{"line":45,"column":9}},"type":"if","locations":[{"start":{"line":32,"column":8},"end":{"line":45,"column":9}},{"start":{},"end":{}}],"line":32},"4":{"loc":{"start":{"line":34,"column":12},"end":{"line":43,"column":13}},"type":"if","locations":[{"start":{"line":34,"column":12},"end":{"line":43,"column":13}},{"start":{"line":38,"column":19},"end":{"line":43,"column":13}}],"line":34},"5":{"loc":{"start":{"line":50,"column":8},"end":{"line":61,"column":9}},"type":"if","locations":[{"start":{"line":50,"column":8},"end":{"line":61,"column":9}},{"start":{},"end":{}}],"line":50},"6":{"loc":{"start":{"line":52,"column":12},"end":{"line":58,"column":13}},"type":"if","locations":[{"start":{"line":52,"column":12},"end":{"line":58,"column":13}},{"start":{"line":54,"column":19},"end":{"line":58,"column":13}}],"line":52},"7":{"loc":{"start":{"line":72,"column":24},"end":{"line":72,"column":65}},"type":"binary-expr","locations":[{"start":{"line":72,"column":24},"end":{"line":72,"column":38}},{"start":{"line":72,"column":42},"end":{"line":72,"column":65}}],"line":72},"8":{"loc":{"start":{"line":73,"column":12},"end":{"line":73,"column":65}},"type":"if","locations":[{"start":{"line":73,"column":12},"end":{"line":73,"column":65}},{"start":{},"end":{}}],"line":73},"9":{"loc":{"start":{"line":80,"column":8},"end":{"line":86,"column":9}},"type":"if","locations":[{"start":{"line":80,"column":8},"end":{"line":86,"column":9}},{"start":{},"end":{}}],"line":80},"10":{"loc":{"start":{"line":82,"column":28},"end":{"line":82,"column":53}},"type":"binary-expr","locations":[{"start":{"line":82,"column":28},"end":{"line":82,"column":37}},{"start":{"line":82,"column":41},"end":{"line":82,"column":53}}],"line":82},"11":{"loc":{"start":{"line":95,"column":8},"end":{"line":95,"column":37}},"type":"if","locations":[{"start":{"line":95,"column":8},"end":{"line":95,"column":37}},{"start":{},"end":{}}],"line":95},"12":{"loc":{"start":{"line":98,"column":24},"end":{"line":98,"column":59}},"type":"binary-expr","locations":[{"start":{"line":98,"column":24},"end":{"line":98,"column":39}},{"start":{"line":98,"column":43},"end":{"line":98,"column":59}}],"line":98}},"s":{"0":1,"1":1,"2":1,"3":16,"4":6,"5":6,"6":2,"7":4,"8":4,"9":6,"10":4,"11":6,"12":4,"13":2,"14":2,"15":1,"16":1,"17":1,"18":1,"19":1,"20":1,"21":1,"22":2,"23":2,"24":4,"25":3,"26":3,"27":1,"28":2,"29":2,"30":2,"31":3,"32":3,"33":1,"34":1,"35":1,"36":3,"37":3,"38":3,"39":14,"40":2,"41":12,"42":1,"43":6,"44":5,"45":5,"46":5,"47":4,"48":5,"49":1,"50":1,"51":2,"52":1,"53":1,"54":1,"55":1,"56":1,"57":3,"58":3,"59":1,"60":11,"61":5,"62":1,"63":1},"f":{"0":1,"1":16,"2":6,"3":4,"4":4,"5":1,"6":3,"7":6,"8":1,"9":2,"10":11,"11":5,"12":1},"b":{"0":[1],"1":[16,15],"2":[2,4],"3":[2,2],"4":[1,1],"5":[3,1],"6":[1,2],"7":[15,14],"8":[2,12],"9":[5,1],"10":[9,4],"11":[1,1],"12":[4,3]},"_coverageSchema":"1a1c01bbd47fc00a2c39e90264f33305004495a9","hash":"ca6f27641fb62fb58724948377a0e4aae78df762"}
,"C:\\Users\\v.cristiane.ribeiro\\Documents\\Studies\\loaine's-book\\reading-javascript-datastructures-algorithms\\data-structures\\linked-lists\\functions\\linked-list-with-functions.js": {"path":"C:\\Users\\v.cristiane.ribeiro\\Documents\\Studies\\loaine's-book\\reading-javascript-datastructures-algorithms\\data-structures\\linked-lists\\functions\\linked-list-with-functions.js","statementMap":{"0":{"start":{"line":6,"column":16},"end":{"line":6,"column":17}},"1":{"start":{"line":7,"column":15},"end":{"line":7,"column":19}},"2":{"start":{"line":10,"column":8},"end":{"line":13,"column":9}},"3":{"start":{"line":17,"column":21},"end":{"line":17,"column":34}},"4":{"start":{"line":19,"column":8},"end":{"line":27,"column":9}},"5":{"start":{"line":20,"column":12},"end":{"line":20,"column":24}},"6":{"start":{"line":22,"column":12},"end":{"line":22,"column":27}},"7":{"start":{"line":23,"column":12},"end":{"line":25,"column":13}},"8":{"start":{"line":24,"column":16},"end":{"line":24,"column":39}},"9":{"start":{"line":26,"column":12},"end":{"line":26,"column":32}},"10":{"start":{"line":28,"column":8},"end":{"line":28,"column":15}},"11":{"start":{"line":32,"column":8},"end":{"line":45,"column":9}},"12":{"start":{"line":33,"column":25},"end":{"line":33,"column":38}},"13":{"start":{"line":34,"column":12},"end":{"line":43,"column":13}},"14":{"start":{"line":35,"column":32},"end":{"line":35,"column":36}},"15":{"start":{"line":36,"column":16},"end":{"line":36,"column":36}},"16":{"start":{"line":37,"column":16},"end":{"line":37,"column":28}},"17":{"start":{"line":39,"column":33},"end":{"line":39,"column":56}},"18":{"start":{"line":40,"column":32},"end":{"line":40,"column":45}},"19":{"start":{"line":41,"column":16},"end":{"line":41,"column":36}},"20":{"start":{"line":42,"column":16},"end":{"line":42,"column":37}},"21":{"start":{"line":44,"column":12},"end":{"line":44,"column":23}},"22":{"start":{"line":46,"column":8},"end":{"line":46,"column":21}},"23":{"start":{"line":50,"column":8},"end":{"line":64,"column":9}},"24":{"start":{"line":51,"column":26},"end":{"line":51,"column":30}},"25":{"start":{"line":52,"column":12},"end":{"line":61,"column":13}},"26":{"start":{"line":53,"column":16},"end":{"line":53,"column":36}},"27":{"start":{"line":55,"column":31},"end":{"line":55,"column":38}},"28":{"start":{"line":56,"column":16},"end":{"line":59,"column":17}},"29":{"start":{"line":56,"column":29},"end":{"line":56,"column":30}},"30":{"start":{"line":57,"column":20},"end":{"line":57,"column":39}},"31":{"start":{"line":58,"column":20},"end":{"line":58,"column":43}},"32":{"start":{"line":60,"column":16},"end":{"line":60,"column":45}},"33":{"start":{"line":62,"column":12},"end":{"line":62,"column":20}},"34":{"start":{"line":63,"column":12},"end":{"line":63,"column":35}},"35":{"start":{"line":65,"column":8},"end":{"line":65,"column":25}},"36":{"start":{"line":69,"column":8},"end":{"line":75,"column":9}},"37":{"start":{"line":70,"column":23},"end":{"line":70,"column":27}},"38":{"start":{"line":71,"column":12},"end":{"line":73,"column":13}},"39":{"start":{"line":71,"column":25},"end":{"line":71,"column":26}},"40":{"start":{"line":72,"column":16},"end":{"line":72,"column":33}},"41":{"start":{"line":74,"column":12},"end":{"line":74,"column":24}},"42":{"start":{"line":76,"column":8},"end":{"line":76,"column":25}},"43":{"start":{"line":80,"column":22},"end":{"line":80,"column":38}},"44":{"start":{"line":81,"column":8},"end":{"line":81,"column":31}},"45":{"start":{"line":85,"column":22},"end":{"line":85,"column":26}},"46":{"start":{"line":86,"column":8},"end":{"line":89,"column":9}},"47":{"start":{"line":86,"column":21},"end":{"line":86,"column":22}},"48":{"start":{"line":87,"column":12},"end":{"line":87,"column":65}},"49":{"start":{"line":87,"column":56},"end":{"line":87,"column":65}},"50":{"start":{"line":88,"column":12},"end":{"line":88,"column":35}},"51":{"start":{"line":90,"column":8},"end":{"line":90,"column":18}},"52":{"start":{"line":94,"column":8},"end":{"line":94,"column":32}},"53":{"start":{"line":94,"column":22},"end":{"line":94,"column":32}},"54":{"start":{"line":95,"column":24},"end":{"line":95,"column":41}},"55":{"start":{"line":96,"column":22},"end":{"line":96,"column":31}},"56":{"start":{"line":97,"column":8},"end":{"line":100,"column":9}},"57":{"start":{"line":97,"column":21},"end":{"line":97,"column":22}},"58":{"start":{"line":98,"column":12},"end":{"line":98,"column":59}},"59":{"start":{"line":99,"column":12},"end":{"line":99,"column":35}},"60":{"start":{"line":101,"column":8},"end":{"line":101,"column":25}},"61":{"start":{"line":105,"column":8},"end":{"line":105,"column":43}},"62":{"start":{"line":109,"column":8},"end":{"line":109,"column":21}},"63":{"start":{"line":113,"column":8},"end":{"line":113,"column":28}},"64":{"start":{"line":117,"column":8},"end":{"line":117,"column":20}},"65":{"start":{"line":121,"column":8},"end":{"line":121,"column":18}},"66":{"start":{"line":122,"column":8},"end":{"line":122,"column":20}},"67":{"start":{"line":125,"column":4},"end":{"line":131,"column":5}}},"fnMap":{"0":{"name":"LinkedList","decl":{"start":{"line":4,"column":9},"end":{"line":4,"column":19}},"loc":{"start":{"line":4,"column":22},"end":{"line":132,"column":1}},"line":4},"1":{"name":"Node","decl":{"start":{"line":9,"column":13},"end":{"line":9,"column":17}},"loc":{"start":{"line":9,"column":28},"end":{"line":14,"column":5}},"line":9},"2":{"name":"push","decl":{"start":{"line":16,"column":13},"end":{"line":16,"column":17}},"loc":{"start":{"line":16,"column":27},"end":{"line":29,"column":5}},"line":16},"3":{"name":"insertElementAt","decl":{"start":{"line":31,"column":13},"end":{"line":31,"column":28}},"loc":{"start":{"line":31,"column":44},"end":{"line":47,"column":5}},"line":31},"4":{"name":"removeAt","decl":{"start":{"line":49,"column":13},"end":{"line":49,"column":21}},"loc":{"start":{"line":49,"column":29},"end":{"line":66,"column":5}},"line":49},"5":{"name":"getElementAt","decl":{"start":{"line":68,"column":13},"end":{"line":68,"column":25}},"loc":{"start":{"line":68,"column":33},"end":{"line":77,"column":5}},"line":68},"6":{"name":"remove","decl":{"start":{"line":79,"column":13},"end":{"line":79,"column":19}},"loc":{"start":{"line":79,"column":28},"end":{"line":82,"column":5}},"line":79},"7":{"name":"indexOf","decl":{"start":{"line":84,"column":13},"end":{"line":84,"column":20}},"loc":{"start":{"line":84,"column":29},"end":{"line":91,"column":5}},"line":84},"8":{"name":"toString","decl":{"start":{"line":93,"column":13},"end":{"line":93,"column":21}},"loc":{"start":{"line":93,"column":24},"end":{"line":102,"column":5}},"line":93},"9":{"name":"isAValidIndex","decl":{"start":{"line":104,"column":13},"end":{"line":104,"column":26}},"loc":{"start":{"line":104,"column":34},"end":{"line":106,"column":5}},"line":104},"10":{"name":"size","decl":{"start":{"line":108,"column":13},"end":{"line":108,"column":17}},"loc":{"start":{"line":108,"column":20},"end":{"line":110,"column":5}},"line":108},"11":{"name":"isEmpty","decl":{"start":{"line":112,"column":13},"end":{"line":112,"column":20}},"loc":{"start":{"line":112,"column":23},"end":{"line":114,"column":5}},"line":112},"12":{"name":"getHead","decl":{"start":{"line":116,"column":13},"end":{"line":116,"column":20}},"loc":{"start":{"line":116,"column":23},"end":{"line":118,"column":5}},"line":116},"13":{"name":"clear","decl":{"start":{"line":120,"column":13},"end":{"line":120,"column":18}},"loc":{"start":{"line":120,"column":22},"end":{"line":123,"column":5}},"line":120}},"branchMap":{"0":{"loc":{"start":{"line":19,"column":8},"end":{"line":27,"column":9}},"type":"if","locations":[{"start":{"line":19,"column":8},"end":{"line":27,"column":9}},{"start":{"line":21,"column":15},"end":{"line":27,"column":9}}],"line":19},"1":{"loc":{"start":{"line":32,"column":8},"end":{"line":45,"column":9}},"type":"if","locations":[{"start":{"line":32,"column":8},"end":{"line":45,"column":9}},{"start":{},"end":{}}],"line":32},"2":{"loc":{"start":{"line":32,"column":11},"end":{"line":32,"column":38}},"type":"binary-expr","locations":[{"start":{"line":32,"column":11},"end":{"line":32,"column":21}},{"start":{"line":32,"column":25},"end":{"line":32,"column":38}}],"line":32},"3":{"loc":{"start":{"line":34,"column":12},"end":{"line":43,"column":13}},"type":"if","locations":[{"start":{"line":34,"column":12},"end":{"line":43,"column":13}},{"start":{"line":38,"column":19},"end":{"line":43,"column":13}}],"line":34},"4":{"loc":{"start":{"line":50,"column":8},"end":{"line":64,"column":9}},"type":"if","locations":[{"start":{"line":50,"column":8},"end":{"line":64,"column":9}},{"start":{},"end":{}}],"line":50},"5":{"loc":{"start":{"line":50,"column":11},"end":{"line":50,"column":38}},"type":"binary-expr","locations":[{"start":{"line":50,"column":11},"end":{"line":50,"column":21}},{"start":{"line":50,"column":25},"end":{"line":50,"column":38}}],"line":50},"6":{"loc":{"start":{"line":52,"column":12},"end":{"line":61,"column":13}},"type":"if","locations":[{"start":{"line":52,"column":12},"end":{"line":61,"column":13}},{"start":{"line":54,"column":19},"end":{"line":61,"column":13}}],"line":52},"7":{"loc":{"start":{"line":69,"column":8},"end":{"line":75,"column":9}},"type":"if","locations":[{"start":{"line":69,"column":8},"end":{"line":75,"column":9}},{"start":{},"end":{}}],"line":69},"8":{"loc":{"start":{"line":69,"column":11},"end":{"line":69,"column":38}},"type":"binary-expr","locations":[{"start":{"line":69,"column":11},"end":{"line":69,"column":21}},{"start":{"line":69,"column":25},"end":{"line":69,"column":38}}],"line":69},"9":{"loc":{"start":{"line":71,"column":28},"end":{"line":71,"column":53}},"type":"binary-expr","locations":[{"start":{"line":71,"column":28},"end":{"line":71,"column":37}},{"start":{"line":71,"column":41},"end":{"line":71,"column":53}}],"line":71},"10":{"loc":{"start":{"line":86,"column":24},"end":{"line":86,"column":60}},"type":"binary-expr","locations":[{"start":{"line":86,"column":24},"end":{"line":86,"column":33}},{"start":{"line":86,"column":37},"end":{"line":86,"column":60}}],"line":86},"11":{"loc":{"start":{"line":87,"column":12},"end":{"line":87,"column":65}},"type":"if","locations":[{"start":{"line":87,"column":12},"end":{"line":87,"column":65}},{"start":{},"end":{}}],"line":87},"12":{"loc":{"start":{"line":94,"column":8},"end":{"line":94,"column":32}},"type":"if","locations":[{"start":{"line":94,"column":8},"end":{"line":94,"column":32}},{"start":{},"end":{}}],"line":94},"13":{"loc":{"start":{"line":97,"column":24},"end":{"line":97,"column":54}},"type":"binary-expr","locations":[{"start":{"line":97,"column":24},"end":{"line":97,"column":34}},{"start":{"line":97,"column":38},"end":{"line":97,"column":54}}],"line":97},"14":{"loc":{"start":{"line":105,"column":15},"end":{"line":105,"column":42}},"type":"binary-expr","locations":[{"start":{"line":105,"column":15},"end":{"line":105,"column":25}},{"start":{"line":105,"column":29},"end":{"line":105,"column":42}}],"line":105}},"s":{"0":1,"1":1,"2":8,"3":6,"4":6,"5":2,"6":4,"7":4,"8":6,"9":4,"10":6,"11":4,"12":2,"13":2,"14":1,"15":1,"16":1,"17":1,"18":1,"19":1,"20":1,"21":2,"22":2,"23":4,"24":3,"25":3,"26":1,"27":2,"28":2,"29":2,"30":4,"31":4,"32":2,"33":3,"34":3,"35":1,"36":4,"37":3,"38":3,"39":3,"40":2,"41":3,"42":1,"43":1,"44":1,"45":3,"46":3,"47":3,"48":14,"49":2,"50":12,"51":1,"52":2,"53":1,"54":1,"55":1,"56":1,"57":1,"58":3,"59":3,"60":1,"61":2,"62":11,"63":5,"64":1,"65":1,"66":1,"67":1},"f":{"0":1,"1":8,"2":6,"3":4,"4":4,"5":4,"6":1,"7":3,"8":2,"9":2,"10":11,"11":5,"12":1,"13":1},"b":{"0":[2,4],"1":[2,2],"2":[4,3],"3":[1,1],"4":[3,1],"5":[4,4],"6":[1,2],"7":[3,1],"8":[4,4],"9":[5,2],"10":[15,14],"11":[2,12],"12":[1,1],"13":[4,3],"14":[2,2]},"_coverageSchema":"1a1c01bbd47fc00a2c39e90264f33305004495a9","hash":"0ffc07a780e3292c51eda0dd63293040f7584021"}
,"C:\\Users\\v.cristiane.ribeiro\\Documents\\Studies\\loaine's-book\\reading-javascript-datastructures-algorithms\\data-structures\\queues\\deque-array-with-with-function.js": {"path":"C:\\Users\\v.cristiane.ribeiro\\Documents\\Studies\\loaine's-book\\reading-javascript-datastructures-algorithms\\data-structures\\queues\\deque-array-with-with-function.js","statementMap":{"0":{"start":{"line":2,"column":18},"end":{"line":2,"column":20}},"1":{"start":{"line":4,"column":21},"end":{"line":4,"column":50}},"2":{"start":{"line":4,"column":31},"end":{"line":4,"column":50}},"3":{"start":{"line":5,"column":24},"end":{"line":5,"column":43}},"4":{"start":{"line":5,"column":30},"end":{"line":5,"column":43}},"5":{"start":{"line":6,"column":20},"end":{"line":6,"column":46}},"6":{"start":{"line":6,"column":30},"end":{"line":6,"column":46}},"7":{"start":{"line":7,"column":23},"end":{"line":7,"column":40}},"8":{"start":{"line":7,"column":29},"end":{"line":7,"column":40}},"9":{"start":{"line":8,"column":18},"end":{"line":8,"column":53}},"10":{"start":{"line":8,"column":24},"end":{"line":8,"column":53}},"11":{"start":{"line":9,"column":17},"end":{"line":9,"column":35}},"12":{"start":{"line":9,"column":23},"end":{"line":9,"column":35}},"13":{"start":{"line":10,"column":20},"end":{"line":10,"column":44}},"14":{"start":{"line":10,"column":26},"end":{"line":10,"column":44}},"15":{"start":{"line":11,"column":22},"end":{"line":11,"column":60}},"16":{"start":{"line":11,"column":28},"end":{"line":11,"column":60}},"17":{"start":{"line":12,"column":21},"end":{"line":12,"column":74}},"18":{"start":{"line":12,"column":27},"end":{"line":12,"column":74}},"19":{"start":{"line":13,"column":22},"end":{"line":13,"column":44}},"20":{"start":{"line":13,"column":28},"end":{"line":13,"column":44}},"21":{"start":{"line":15,"column":4},"end":{"line":21,"column":5}}},"fnMap":{"0":{"name":"Deque","decl":{"start":{"line":1,"column":9},"end":{"line":1,"column":14}},"loc":{"start":{"line":1,"column":17},"end":{"line":22,"column":1}},"line":1},"1":{"name":"(anonymous_1)","decl":{"start":{"line":4,"column":21},"end":{"line":4,"column":22}},"loc":{"start":{"line":4,"column":31},"end":{"line":4,"column":50}},"line":4},"2":{"name":"(anonymous_2)","decl":{"start":{"line":5,"column":24},"end":{"line":5,"column":25}},"loc":{"start":{"line":5,"column":30},"end":{"line":5,"column":43}},"line":5},"3":{"name":"(anonymous_3)","decl":{"start":{"line":6,"column":20},"end":{"line":6,"column":21}},"loc":{"start":{"line":6,"column":30},"end":{"line":6,"column":46}},"line":6},"4":{"name":"(anonymous_4)","decl":{"start":{"line":7,"column":23},"end":{"line":7,"column":24}},"loc":{"start":{"line":7,"column":29},"end":{"line":7,"column":40}},"line":7},"5":{"name":"(anonymous_5)","decl":{"start":{"line":8,"column":18},"end":{"line":8,"column":19}},"loc":{"start":{"line":8,"column":24},"end":{"line":8,"column":53}},"line":8},"6":{"name":"(anonymous_6)","decl":{"start":{"line":9,"column":17},"end":{"line":9,"column":18}},"loc":{"start":{"line":9,"column":23},"end":{"line":9,"column":35}},"line":9},"7":{"name":"(anonymous_7)","decl":{"start":{"line":10,"column":20},"end":{"line":10,"column":21}},"loc":{"start":{"line":10,"column":26},"end":{"line":10,"column":44}},"line":10},"8":{"name":"(anonymous_8)","decl":{"start":{"line":11,"column":22},"end":{"line":11,"column":23}},"loc":{"start":{"line":11,"column":28},"end":{"line":11,"column":60}},"line":11},"9":{"name":"(anonymous_9)","decl":{"start":{"line":12,"column":21},"end":{"line":12,"column":22}},"loc":{"start":{"line":12,"column":27},"end":{"line":12,"column":74}},"line":12},"10":{"name":"(anonymous_10)","decl":{"start":{"line":13,"column":22},"end":{"line":13,"column":23}},"loc":{"start":{"line":13,"column":28},"end":{"line":13,"column":44}},"line":13}},"branchMap":{"0":{"loc":{"start":{"line":11,"column":28},"end":{"line":11,"column":60}},"type":"cond-expr","locations":[{"start":{"line":11,"column":40},"end":{"line":11,"column":49}},{"start":{"line":11,"column":52},"end":{"line":11,"column":60}}],"line":11},"1":{"loc":{"start":{"line":12,"column":27},"end":{"line":12,"column":74}},"type":"cond-expr","locations":[{"start":{"line":12,"column":39},"end":{"line":12,"column":48}},{"start":{"line":12,"column":51},"end":{"line":12,"column":74}}],"line":12}},"s":{"0":1,"1":1,"2":3,"3":1,"4":1,"5":1,"6":6,"7":1,"8":2,"9":1,"10":1,"11":1,"12":3,"13":1,"14":8,"15":1,"16":3,"17":1,"18":2,"19":1,"20":1,"21":1},"f":{"0":1,"1":3,"2":1,"3":6,"4":2,"5":1,"6":3,"7":8,"8":3,"9":2,"10":1},"b":{"0":[1,2],"1":[1,1]},"_coverageSchema":"1a1c01bbd47fc00a2c39e90264f33305004495a9","hash":"c3ed923971ec8f8c891591856b0c434e6898f652"}
,"C:\\Users\\v.cristiane.ribeiro\\Documents\\Studies\\loaine's-book\\reading-javascript-datastructures-algorithms\\data-structures\\queues\\deque-object-with-with-class.js": {"path":"C:\\Users\\v.cristiane.ribeiro\\Documents\\Studies\\loaine's-book\\reading-javascript-datastructures-algorithms\\data-structures\\queues\\deque-object-with-with-class.js","statementMap":{"0":{"start":{"line":4,"column":8},"end":{"line":4,"column":24}},"1":{"start":{"line":5,"column":8},"end":{"line":5,"column":23}},"2":{"start":{"line":6,"column":8},"end":{"line":6,"column":29}},"3":{"start":{"line":10,"column":8},"end":{"line":10,"column":38}},"4":{"start":{"line":11,"column":8},"end":{"line":11,"column":21}},"5":{"start":{"line":15,"column":8},"end":{"line":28,"column":9}},"6":{"start":{"line":16,"column":12},"end":{"line":16,"column":31}},"7":{"start":{"line":17,"column":15},"end":{"line":28,"column":9}},"8":{"start":{"line":18,"column":12},"end":{"line":18,"column":31}},"9":{"start":{"line":19,"column":12},"end":{"line":19,"column":51}},"10":{"start":{"line":21,"column":12},"end":{"line":23,"column":13}},"11":{"start":{"line":21,"column":29},"end":{"line":21,"column":39}},"12":{"start":{"line":22,"column":16},"end":{"line":22,"column":58}},"13":{"start":{"line":25,"column":12},"end":{"line":25,"column":25}},"14":{"start":{"line":26,"column":12},"end":{"line":26,"column":33}},"15":{"start":{"line":27,"column":12},"end":{"line":27,"column":33}},"16":{"start":{"line":32,"column":8},"end":{"line":32,"column":44}},"17":{"start":{"line":32,"column":27},"end":{"line":32,"column":44}},"18":{"start":{"line":33,"column":8},"end":{"line":33,"column":21}},"19":{"start":{"line":34,"column":22},"end":{"line":34,"column":44}},"20":{"start":{"line":35,"column":8},"end":{"line":35,"column":38}},"21":{"start":{"line":36,"column":8},"end":{"line":36,"column":21}},"22":{"start":{"line":40,"column":22},"end":{"line":40,"column":50}},"23":{"start":{"line":41,"column":8},"end":{"line":41,"column":44}},"24":{"start":{"line":42,"column":8},"end":{"line":42,"column":27}},"25":{"start":{"line":43,"column":8},"end":{"line":43,"column":21}},"26":{"start":{"line":48,"column":8},"end":{"line":48,"column":44}},"27":{"start":{"line":48,"column":27},"end":{"line":48,"column":44}},"28":{"start":{"line":49,"column":8},"end":{"line":49,"column":42}},"29":{"start":{"line":53,"column":8},"end":{"line":53,"column":44}},"30":{"start":{"line":53,"column":27},"end":{"line":53,"column":44}},"31":{"start":{"line":54,"column":8},"end":{"line":54,"column":44}},"32":{"start":{"line":58,"column":8},"end":{"line":58,"column":24}},"33":{"start":{"line":59,"column":8},"end":{"line":59,"column":23}},"34":{"start":{"line":60,"column":8},"end":{"line":60,"column":29}},"35":{"start":{"line":64,"column":8},"end":{"line":64,"column":26}},"36":{"start":{"line":68,"column":8},"end":{"line":68,"column":51}},"37":{"start":{"line":72,"column":8},"end":{"line":72,"column":37}},"38":{"start":{"line":72,"column":27},"end":{"line":72,"column":37}},"39":{"start":{"line":73,"column":24},"end":{"line":73,"column":57}},"40":{"start":{"line":74,"column":8},"end":{"line":76,"column":9}},"41":{"start":{"line":74,"column":25},"end":{"line":74,"column":45}},"42":{"start":{"line":75,"column":12},"end":{"line":75,"column":61}},"43":{"start":{"line":77,"column":8},"end":{"line":77,"column":32}}},"fnMap":{"0":{"name":"(anonymous_0)","decl":{"start":{"line":3,"column":4},"end":{"line":3,"column":5}},"loc":{"start":{"line":3,"column":18},"end":{"line":7,"column":5}},"line":3},"1":{"name":"(anonymous_1)","decl":{"start":{"line":9,"column":4},"end":{"line":9,"column":5}},"loc":{"start":{"line":9,"column":17},"end":{"line":12,"column":5}},"line":9},"2":{"name":"(anonymous_2)","decl":{"start":{"line":14,"column":4},"end":{"line":14,"column":5}},"loc":{"start":{"line":14,"column":19},"end":{"line":29,"column":5}},"line":14},"3":{"name":"(anonymous_3)","decl":{"start":{"line":31,"column":4},"end":{"line":31,"column":5}},"loc":{"start":{"line":31,"column":16},"end":{"line":37,"column":5}},"line":31},"4":{"name":"(anonymous_4)","decl":{"start":{"line":39,"column":4},"end":{"line":39,"column":5}},"loc":{"start":{"line":39,"column":17},"end":{"line":44,"column":5}},"line":39},"5":{"name":"(anonymous_5)","decl":{"start":{"line":47,"column":4},"end":{"line":47,"column":5}},"loc":{"start":{"line":47,"column":14},"end":{"line":50,"column":5}},"line":47},"6":{"name":"(anonymous_6)","decl":{"start":{"line":52,"column":4},"end":{"line":52,"column":5}},"loc":{"start":{"line":52,"column":15},"end":{"line":55,"column":5}},"line":52},"7":{"name":"(anonymous_7)","decl":{"start":{"line":57,"column":4},"end":{"line":57,"column":5}},"loc":{"start":{"line":57,"column":12},"end":{"line":61,"column":5}},"line":57},"8":{"name":"(anonymous_8)","decl":{"start":{"line":63,"column":4},"end":{"line":63,"column":5}},"loc":{"start":{"line":63,"column":11},"end":{"line":65,"column":5}},"line":63},"9":{"name":"(anonymous_9)","decl":{"start":{"line":67,"column":4},"end":{"line":67,"column":5}},"loc":{"start":{"line":67,"column":14},"end":{"line":69,"column":5}},"line":67},"10":{"name":"(anonymous_10)","decl":{"start":{"line":71,"column":4},"end":{"line":71,"column":5}},"loc":{"start":{"line":71,"column":15},"end":{"line":78,"column":5}},"line":71}},"branchMap":{"0":{"loc":{"start":{"line":15,"column":8},"end":{"line":28,"column":9}},"type":"if","locations":[{"start":{"line":15,"column":8},"end":{"line":28,"column":9}},{"start":{"line":17,"column":15},"end":{"line":28,"column":9}}],"line":15},"1":{"loc":{"start":{"line":17,"column":15},"end":{"line":28,"column":9}},"type":"if","locations":[{"start":{"line":17,"column":15},"end":{"line":28,"column":9}},{"start":{"line":20,"column":15},"end":{"line":28,"column":9}}],"line":17},"2":{"loc":{"start":{"line":32,"column":8},"end":{"line":32,"column":44}},"type":"if","locations":[{"start":{"line":32,"column":8},"end":{"line":32,"column":44}},{"start":{},"end":{}}],"line":32},"3":{"loc":{"start":{"line":48,"column":8},"end":{"line":48,"column":44}},"type":"if","locations":[{"start":{"line":48,"column":8},"end":{"line":48,"column":44}},{"start":{},"end":{}}],"line":48},"4":{"loc":{"start":{"line":53,"column":8},"end":{"line":53,"column":44}},"type":"if","locations":[{"start":{"line":53,"column":8},"end":{"line":53,"column":44}},{"start":{},"end":{}}],"line":53},"5":{"loc":{"start":{"line":72,"column":8},"end":{"line":72,"column":37}},"type":"if","locations":[{"start":{"line":72,"column":8},"end":{"line":72,"column":37}},{"start":{},"end":{}}],"line":72}},"s":{"0":1,"1":1,"2":1,"3":7,"4":7,"5":3,"6":1,"7":2,"8":0,"9":0,"10":2,"11":2,"12":7,"13":2,"14":2,"15":2,"16":2,"17":1,"18":1,"19":1,"20":1,"21":1,"22":1,"23":1,"24":1,"25":1,"26":2,"27":1,"28":1,"29":3,"30":1,"31":2,"32":1,"33":1,"34":1,"35":3,"36":15,"37":2,"38":1,"39":1,"40":1,"41":1,"42":4,"43":1},"f":{"0":1,"1":7,"2":3,"3":2,"4":1,"5":2,"6":3,"7":1,"8":3,"9":15,"10":2},"b":{"0":[1,2],"1":[0,2],"2":[1,1],"3":[1,1],"4":[1,2],"5":[1,1]},"_coverageSchema":"1a1c01bbd47fc00a2c39e90264f33305004495a9","hash":"f81ace40ba780bec1fc88d93493d4506938be8f8"}
,"C:\\Users\\v.cristiane.ribeiro\\Documents\\Studies\\loaine's-book\\reading-javascript-datastructures-algorithms\\models\\linked-list-models.js": {"path":"C:\\Users\\v.cristiane.ribeiro\\Documents\\Studies\\loaine's-book\\reading-javascript-datastructures-algorithms\\models\\linked-list-models.js","statementMap":{"0":{"start":{"line":3,"column":8},"end":{"line":3,"column":31}},"1":{"start":{"line":4,"column":8},"end":{"line":4,"column":25}}},"fnMap":{"0":{"name":"(anonymous_0)","decl":{"start":{"line":2,"column":4},"end":{"line":2,"column":5}},"loc":{"start":{"line":2,"column":25},"end":{"line":5,"column":5}},"line":2}},"branchMap":{},"s":{"0":8,"1":8},"f":{"0":8},"b":{},"_coverageSchema":"1a1c01bbd47fc00a2c39e90264f33305004495a9","hash":"097cf89432dfd392fed450ef1b5a779847551b96"}
,"C:\\Users\\v.cristiane.ribeiro\\Documents\\Studies\\loaine's-book\\reading-javascript-datastructures-algorithms\\utils\\index.js": {"path":"C:\\Users\\v.cristiane.ribeiro\\Documents\\Studies\\loaine's-book\\reading-javascript-datastructures-algorithms\\utils\\index.js","statementMap":{"0":{"start":{"line":2,"column":4},"end":{"line":2,"column":19}}},"fnMap":{"0":{"name":"defaultEquals","decl":{"start":{"line":1,"column":9},"end":{"line":1,"column":22}},"loc":{"start":{"line":1,"column":29},"end":{"line":3,"column":1}},"line":1}},"branchMap":{},"s":{"0":28},"f":{"0":28},"b":{},"_coverageSchema":"1a1c01bbd47fc00a2c39e90264f33305004495a9","hash":"01ad00fbb22e4758b17b773d282ba677005d8006"}
}
