TN:
SF:data-structures\linked-lists\classes\linked-list-with-class.js
FN:6,(anonymous_0)
FN:12,(anonymous_1)
FN:16,(anonymous_2)
FN:31,(anonymous_3)
FN:49,(anonymous_4)
FN:65,(anonymous_5)
FN:70,(anonymous_6)
FN:79,(anonymous_7)
FN:90,(anonymous_8)
FN:94,(anonymous_9)
FN:105,(anonymous_10)
FN:109,(anonymous_11)
FN:113,(anonymous_12)
FNF:13
FNH:13
FNDA:1,(anonymous_0)
FNDA:16,(anonymous_1)
FNDA:6,(anonymous_2)
FNDA:4,(anonymous_3)
FNDA:4,(anonymous_4)
FNDA:1,(anonymous_5)
FNDA:3,(anonymous_6)
FNDA:6,(anonymous_7)
FNDA:1,(anonymous_8)
FNDA:2,(anonymous_9)
FNDA:11,(anonymous_10)
FNDA:5,(anonymous_11)
FNDA:1,(anonymous_12)
DA:7,1
DA:8,1
DA:9,1
DA:13,16
DA:17,6
DA:19,6
DA:20,2
DA:22,4
DA:23,4
DA:24,6
DA:26,4
DA:28,6
DA:32,4
DA:33,2
DA:34,2
DA:35,1
DA:36,1
DA:37,1
DA:39,1
DA:40,1
DA:41,1
DA:42,1
DA:44,2
DA:46,2
DA:50,4
DA:51,3
DA:52,3
DA:53,1
DA:55,2
DA:56,2
DA:57,2
DA:59,3
DA:60,3
DA:62,1
DA:66,1
DA:67,1
DA:71,3
DA:72,3
DA:73,14
DA:74,12
DA:76,1
DA:80,6
DA:81,5
DA:82,5
DA:83,4
DA:85,5
DA:87,1
DA:91,1
DA:95,2
DA:96,1
DA:97,1
DA:98,1
DA:99,3
DA:100,3
DA:102,1
DA:106,11
DA:110,5
DA:114,1
DA:115,1
LF:59
LH:59
BRDA:6,0,0,1
BRDA:13,1,0,16
BRDA:13,1,1,15
BRDA:19,2,0,2
BRDA:19,2,1,4
BRDA:32,3,0,2
BRDA:32,3,1,2
BRDA:34,4,0,1
BRDA:34,4,1,1
BRDA:50,5,0,3
BRDA:50,5,1,1
BRDA:52,6,0,1
BRDA:52,6,1,2
BRDA:72,7,0,15
BRDA:72,7,1,14
BRDA:73,8,0,2
BRDA:73,8,1,12
BRDA:80,9,0,5
BRDA:80,9,1,1
BRDA:82,10,0,9
BRDA:82,10,1,4
BRDA:95,11,0,1
BRDA:95,11,1,1
BRDA:98,12,0,4
BRDA:98,12,1,3
BRF:25
BRH:25
end_of_record
TN:
SF:data-structures\linked-lists\functions\linked-list-with-functions.js
FN:4,LinkedList
FN:9,Node
FN:16,push
FN:31,insertElementAt
FN:49,removeAt
FN:68,getElementAt
FN:79,remove
FN:84,indexOf
FN:93,toString
FN:104,isAValidIndex
FN:108,size
FN:112,isEmpty
FN:116,getHead
FN:120,clear
FNF:14
FNH:14
FNDA:1,LinkedList
FNDA:8,Node
FNDA:6,push
FNDA:4,insertElementAt
FNDA:4,removeAt
FNDA:4,getElementAt
FNDA:1,remove
FNDA:3,indexOf
FNDA:2,toString
FNDA:2,isAValidIndex
FNDA:11,size
FNDA:5,isEmpty
FNDA:1,getHead
FNDA:1,clear
DA:6,1
DA:7,1
DA:10,8
DA:17,6
DA:19,6
DA:20,2
DA:22,4
DA:23,4
DA:24,6
DA:26,4
DA:28,6
DA:32,4
DA:33,2
DA:34,2
DA:35,1
DA:36,1
DA:37,1
DA:39,1
DA:40,1
DA:41,1
DA:42,1
DA:44,2
DA:46,2
DA:50,4
DA:51,3
DA:52,3
DA:53,1
DA:55,2
DA:56,2
DA:57,4
DA:58,4
DA:60,2
DA:62,3
DA:63,3
DA:65,1
DA:69,4
DA:70,3
DA:71,3
DA:72,2
DA:74,3
DA:76,1
DA:80,1
DA:81,1
DA:85,3
DA:86,3
DA:87,14
DA:88,12
DA:90,1
DA:94,2
DA:95,1
DA:96,1
DA:97,1
DA:98,3
DA:99,3
DA:101,1
DA:105,2
DA:109,11
DA:113,5
DA:117,1
DA:121,1
DA:122,1
DA:125,1
LF:62
LH:62
BRDA:19,0,0,2
BRDA:19,0,1,4
BRDA:32,1,0,2
BRDA:32,1,1,2
BRDA:32,2,0,4
BRDA:32,2,1,3
BRDA:34,3,0,1
BRDA:34,3,1,1
BRDA:50,4,0,3
BRDA:50,4,1,1
BRDA:50,5,0,4
BRDA:50,5,1,4
BRDA:52,6,0,1
BRDA:52,6,1,2
BRDA:69,7,0,3
BRDA:69,7,1,1
BRDA:69,8,0,4
BRDA:69,8,1,4
BRDA:71,9,0,5
BRDA:71,9,1,2
BRDA:86,10,0,15
BRDA:86,10,1,14
BRDA:87,11,0,2
BRDA:87,11,1,12
BRDA:94,12,0,1
BRDA:94,12,1,1
BRDA:97,13,0,4
BRDA:97,13,1,3
BRDA:105,14,0,2
BRDA:105,14,1,2
BRF:30
BRH:30
end_of_record
TN:
SF:data-structures\queues\deque-array-with-with-function.js
FN:1,Deque
FN:4,(anonymous_1)
FN:5,(anonymous_2)
FN:6,(anonymous_3)
FN:7,(anonymous_4)
FN:8,(anonymous_5)
FN:9,(anonymous_6)
FN:10,(anonymous_7)
FN:11,(anonymous_8)
FN:12,(anonymous_9)
FN:13,(anonymous_10)
FNF:11
FNH:11
FNDA:1,Deque
FNDA:3,(anonymous_1)
FNDA:1,(anonymous_2)
FNDA:6,(anonymous_3)
FNDA:2,(anonymous_4)
FNDA:1,(anonymous_5)
FNDA:3,(anonymous_6)
FNDA:8,(anonymous_7)
FNDA:3,(anonymous_8)
FNDA:2,(anonymous_9)
FNDA:1,(anonymous_10)
DA:2,1
DA:4,3
DA:5,1
DA:6,6
DA:7,2
DA:8,1
DA:9,3
DA:10,8
DA:11,3
DA:12,2
DA:13,1
DA:15,1
LF:12
LH:12
BRDA:11,0,0,1
BRDA:11,0,1,2
BRDA:12,1,0,1
BRDA:12,1,1,1
BRF:4
BRH:4
end_of_record
TN:
SF:data-structures\queues\deque-object-with-with-class.js
FN:3,(anonymous_0)
FN:9,(anonymous_1)
FN:14,(anonymous_2)
FN:31,(anonymous_3)
FN:39,(anonymous_4)
FN:47,(anonymous_5)
FN:52,(anonymous_6)
FN:57,(anonymous_7)
FN:63,(anonymous_8)
FN:67,(anonymous_9)
FN:71,(anonymous_10)
FNF:11
FNH:11
FNDA:1,(anonymous_0)
FNDA:7,(anonymous_1)
FNDA:3,(anonymous_2)
FNDA:2,(anonymous_3)
FNDA:1,(anonymous_4)
FNDA:2,(anonymous_5)
FNDA:3,(anonymous_6)
FNDA:1,(anonymous_7)
FNDA:3,(anonymous_8)
FNDA:15,(anonymous_9)
FNDA:2,(anonymous_10)
DA:4,1
DA:5,1
DA:6,1
DA:10,7
DA:11,7
DA:15,3
DA:16,1
DA:17,2
DA:18,0
DA:19,0
DA:21,2
DA:22,7
DA:25,2
DA:26,2
DA:27,2
DA:32,2
DA:33,1
DA:34,1
DA:35,1
DA:36,1
DA:40,1
DA:41,1
DA:42,1
DA:43,1
DA:48,2
DA:49,1
DA:53,3
DA:54,2
DA:58,1
DA:59,1
DA:60,1
DA:64,3
DA:68,15
DA:72,2
DA:73,1
DA:74,1
DA:75,4
DA:77,1
LF:38
LH:36
BRDA:15,0,0,1
BRDA:15,0,1,2
BRDA:17,1,0,0
BRDA:17,1,1,2
BRDA:32,2,0,1
BRDA:32,2,1,1
BRDA:48,3,0,1
BRDA:48,3,1,1
BRDA:53,4,0,1
BRDA:53,4,1,2
BRDA:72,5,0,1
BRDA:72,5,1,1
BRF:12
BRH:11
end_of_record
TN:
SF:models\linked-list-models.js
FN:2,(anonymous_0)
FNF:1
FNH:1
FNDA:8,(anonymous_0)
DA:3,8
DA:4,8
LF:2
LH:2
BRF:0
BRH:0
end_of_record
TN:
SF:utils\index.js
FN:1,defaultEquals
FNF:1
FNH:1
FNDA:28,defaultEquals
DA:2,28
LF:1
LH:1
BRF:0
BRH:0
end_of_record
